<?xml version="1.0" encoding="UTF-8"?>
<testng-results ignored="0" total="5" passed="5" failed="0" skipped="0">
  <reporter-output>
  </reporter-output>
  <suite started-at="2024-08-23T11:35:23 IST" name="Default suite" finished-at="2024-08-23T11:36:59 IST" duration-ms="95803">
    <groups>
      <group name="cucumber">
        <method signature="AbstractTestNGCucumberTests.runScenario(io.cucumber.testng.PickleWrapper,io.cucumber.testng.FeatureWrapper)[pri:0, instance:runner.TestRunner@24c22fe]" name="runScenario" class="io.cucumber.testng.AbstractTestNGCucumberTests"/>
      </group> <!-- cucumber -->
    </groups>
    <test started-at="2024-08-23T11:35:23 IST" name="Default test" finished-at="2024-08-23T11:36:59 IST" duration-ms="95803">
      <class name="runner.TestRunner">
        <test-method is-config="true" signature="setUpClass()[pri:0, instance:runner.TestRunner@24c22fe]" started-at="2024-08-23T11:35:23 IST" name="setUpClass" finished-at="2024-08-23T11:35:24 IST" duration-ms="393" status="PASS">
          <reporter-output>
          </reporter-output>
        </test-method> <!-- setUpClass -->
        <test-method signature="runScenario(io.cucumber.testng.PickleWrapper,io.cucumber.testng.FeatureWrapper)[pri:0, instance:runner.TestRunner@24c22fe]" started-at="2024-08-23T11:35:24 IST" name="runScenario" description="Runs Cucumber Scenarios" data-provider="scenarios" finished-at="2024-08-23T11:35:37 IST" duration-ms="13561" status="PASS">
          <params>
            <param index="0">
              <value>
                <![CDATA["User Able to Login into the application"]]>
              </value>
            </param>
            <param index="1">
              <value>
                <![CDATA["Optional[Parameter Examples]"]]>
              </value>
            </param>
          </params>
          <reporter-output>
          </reporter-output>
        </test-method> <!-- runScenario -->
        <test-method signature="runScenario(io.cucumber.testng.PickleWrapper,io.cucumber.testng.FeatureWrapper)[pri:0, instance:runner.TestRunner@24c22fe]" started-at="2024-08-23T11:35:37 IST" name="runScenario" description="Runs Cucumber Scenarios" data-provider="scenarios" finished-at="2024-08-23T11:35:48 IST" duration-ms="11042" status="PASS">
          <params>
            <param index="0">
              <value>
                <![CDATA["User Able to Login into the application"]]>
              </value>
            </param>
            <param index="1">
              <value>
                <![CDATA["Optional[Parameter Examples]"]]>
              </value>
            </param>
          </params>
          <reporter-output>
          </reporter-output>
        </test-method> <!-- runScenario -->
        <test-method signature="runScenario(io.cucumber.testng.PickleWrapper,io.cucumber.testng.FeatureWrapper)[pri:0, instance:runner.TestRunner@24c22fe]" started-at="2024-08-23T11:35:48 IST" name="runScenario" description="Runs Cucumber Scenarios" data-provider="scenarios" finished-at="2024-08-23T11:36:05 IST" duration-ms="16455" status="PASS">
          <params>
            <param index="0">
              <value>
                <![CDATA["User Able to Login into the application"]]>
              </value>
            </param>
            <param index="1">
              <value>
                <![CDATA["Optional[Parameter Examples]"]]>
              </value>
            </param>
          </params>
          <reporter-output>
          </reporter-output>
        </test-method> <!-- runScenario -->
        <test-method signature="runScenario(io.cucumber.testng.PickleWrapper,io.cucumber.testng.FeatureWrapper)[pri:0, instance:runner.TestRunner@24c22fe]" started-at="2024-08-23T11:36:05 IST" name="runScenario" description="Runs Cucumber Scenarios" data-provider="scenarios" finished-at="2024-08-23T11:36:27 IST" duration-ms="22130" status="PASS">
          <params>
            <param index="0">
              <value>
                <![CDATA["User Able to Login into the application"]]>
              </value>
            </param>
            <param index="1">
              <value>
                <![CDATA["Optional[Parameter Examples]"]]>
              </value>
            </param>
          </params>
          <reporter-output>
          </reporter-output>
        </test-method> <!-- runScenario -->
        <test-method signature="runScenario(io.cucumber.testng.PickleWrapper,io.cucumber.testng.FeatureWrapper)[pri:0, instance:runner.TestRunner@24c22fe]" started-at="2024-08-23T11:36:27 IST" name="runScenario" description="Runs Cucumber Scenarios" data-provider="scenarios" finished-at="2024-08-23T11:36:59 IST" duration-ms="32132" status="PASS">
          <params>
            <param index="0">
              <value>
                <![CDATA["User Able to Login into the application"]]>
              </value>
            </param>
            <param index="1">
              <value>
                <![CDATA["Optional[Parameter Examples]"]]>
              </value>
            </param>
          </params>
          <reporter-output>
          </reporter-output>
        </test-method> <!-- runScenario -->
        <test-method is-config="true" signature="tearDownClass()[pri:0, instance:runner.TestRunner@24c22fe]" started-at="2024-08-23T11:36:59 IST" name="tearDownClass" finished-at="2024-08-23T11:36:59 IST" duration-ms="14" status="PASS">
          <reporter-output>
          </reporter-output>
        </test-method> <!-- tearDownClass -->
      </class> <!-- runner.TestRunner -->
    </test> <!-- Default test -->
  </suite> <!-- Default suite -->
</testng-results>
