<?xml version="1.0" encoding="UTF-8"?>
<testsuite xmlns:xsi="http://www.w3.org/2001/XMLSchema-instance" xsi:noNamespaceSchemaLocation="https://maven.apache.org/surefire/maven-surefire-plugin/xsd/surefire-test-report.xsd" name="TestSuite" time="157.436" tests="6" errors="0" skipped="0" failures="0">
  <properties>
[...]
</properties>
  <testcase name="runScenario" classname="runner.TestRunner" time="27.978"/>
  <testcase name="runScenario" classname="runner.TestRunner" time="22.016"/>
  <testcase name="runScenario" classname="runner.TestRunner" time="23.823"/>
  <testcase name="runScenario" classname="runner.TestRunner" time="22.636"/>
  <testcase name="runScenario" classname="runner.TestRunner" time="30.48"/>
  <testcase name="VerifyNewTourLogin" classname="seleniumbasic.NewTourTestCase" time="29.446"/>
</testsuite>